   0  $accept : %entry% $end

   1  program : decls EOF

   2  decls :
   3        | decls vdecl
   4        | decls fdecl

   5  typ : INT
   6      | BOOL
   7      | FLOAT
   8      | VOID
   9      | EXEC
  10      | CHR
  11      | STR
  12      | list
  13      | fdecl

  14  exec : simple_exec

  15  simple_exec : path eargs_list

  16  path : ID
  17       | STRING

  18  eargs_list : LBRACE cont_eargs_list
  19             | LBRACE RBRACE

  20  cont_eargs_list : expr COMMA cont_eargs_list
  21                  | expr RBRACE

  22  list : LBRACKET cont_list
  23       | LBRACKET RBRACKET

  24  cont_list : expr COMMA cont_list
  25            | expr RBRACKET

  26  index : ID LBRACKET expr RBRACKET

  27  list_cons : expr CONS ID

  28  list_length : LEN ID

  29  fdecl : typ ID LPAREN formals_opt RPAREN LBRACE vdecl_list stmt_list RBRACE

  30  formals_opt :
  31              | formal_list

  32  formal_list : typ ID
  33              | formal_list COMMA typ ID

  34  vdecl_list :
  35             | vdecl_list vdecl

  36  vdecl : typ ID SEMI

  37  stmt_list :
  38            | stmt_list stmt

  39  stmt : expr SEMI
  40       | RETURN expr_opt SEMI
  41       | LBRACE stmt_list RBRACE
  42       | IF LPAREN expr RPAREN stmt
  43       | IF LPAREN expr RPAREN stmt ELSE stmt
  44       | FOR LPAREN expr_opt SEMI expr SEMI expr_opt RPAREN stmt
  45       | WHILE LPAREN expr RPAREN stmt

  46  expr_opt :
  47           | expr

  48  expr : LITERAL
  49       | FLIT
  50       | BLIT
  51       | ID
  52       | CHAR
  53       | STRING
  54       | expr PLUS expr
  55       | expr MINUS expr
  56       | expr TIMES expr
  57       | expr DIVIDE expr
  58       | expr EQ expr
  59       | expr NEQ expr
  60       | expr LT expr
  61       | expr LEQ expr
  62       | expr GT expr
  63       | expr GEQ expr
  64       | expr AND expr
  65       | expr OR expr
  66       | expr PIPE expr
  67       | MINUS expr
  68       | NOT expr
  69       | ID ASSIGN expr
  70       | ID LPAREN args_opt RPAREN
  71       | LPAREN expr RPAREN
  72       | expr EXITCODE
  73       | index
  74       | PATH expr
  75       | RUN expr
  76       | exec
  77       | list
  78       | list_cons
  79       | list_length

  80  args_opt :
  81           | args_list

  82  args_list : expr
  83            | args_list COMMA expr

  84  %entry% : '\001' program

state 0
	$accept : . %entry% $end  (0)

	'\001'  shift 1
	.  error

	%entry%  goto 2


state 1
	%entry% : '\001' . program  (84)
	decls : .  (2)

	.  reduce 2

	program  goto 3
	decls  goto 4


state 2
	$accept : %entry% . $end  (0)

	$end  accept


state 3
	%entry% : '\001' program .  (84)

	.  reduce 84


state 4
	program : decls . EOF  (1)
	decls : decls . vdecl  (3)
	decls : decls . fdecl  (4)

	LBRACKET  shift 5
	INT  shift 6
	BOOL  shift 7
	FLOAT  shift 8
	VOID  shift 9
	EXEC  shift 10
	CHR  shift 11
	STR  shift 12
	EOF  shift 13
	.  error

	vdecl  goto 14
	fdecl  goto 15
	typ  goto 16
	list  goto 17


state 5
	list : LBRACKET . cont_list  (22)
	list : LBRACKET . RBRACKET  (23)

	LPAREN  shift 18
	LBRACKET  shift 5
	RBRACKET  shift 19
	MINUS  shift 20
	NOT  shift 21
	LITERAL  shift 22
	BLIT  shift 23
	ID  shift 24
	FLIT  shift 25
	CHAR  shift 26
	STRING  shift 27
	RUN  shift 28
	PATH  shift 29
	LEN  shift 30
	.  error

	list  goto 31
	exec  goto 32
	simple_exec  goto 33
	path  goto 34
	expr  goto 35
	cont_list  goto 36
	index  goto 37
	list_cons  goto 38
	list_length  goto 39


state 6
	typ : INT .  (5)

	.  reduce 5


state 7
	typ : BOOL .  (6)

	.  reduce 6


state 8
	typ : FLOAT .  (7)

	.  reduce 7


state 9
	typ : VOID .  (8)

	.  reduce 8


state 10
	typ : EXEC .  (9)

	.  reduce 9


state 11
	typ : CHR .  (10)

	.  reduce 10


state 12
	typ : STR .  (11)

	.  reduce 11


state 13
	program : decls EOF .  (1)

	.  reduce 1


state 14
	decls : decls vdecl .  (3)

	.  reduce 3


state 15
	decls : decls fdecl .  (4)
	typ : fdecl .  (13)

	LBRACKET  reduce 4
	INT  reduce 4
	BOOL  reduce 4
	FLOAT  reduce 4
	VOID  reduce 4
	EXEC  reduce 4
	CHR  reduce 4
	STR  reduce 4
	ID  reduce 13
	EOF  reduce 4


state 16
	fdecl : typ . ID LPAREN formals_opt RPAREN LBRACE vdecl_list stmt_list RBRACE  (29)
	vdecl : typ . ID SEMI  (36)

	ID  shift 40
	.  error


state 17
	typ : list .  (12)

	.  reduce 12


state 18
	expr : LPAREN . expr RPAREN  (71)

	LPAREN  shift 18
	LBRACKET  shift 5
	MINUS  shift 20
	NOT  shift 21
	LITERAL  shift 22
	BLIT  shift 23
	ID  shift 24
	FLIT  shift 25
	CHAR  shift 26
	STRING  shift 27
	RUN  shift 28
	PATH  shift 29
	LEN  shift 30
	.  error

	list  goto 31
	exec  goto 32
	simple_exec  goto 33
	path  goto 34
	expr  goto 41
	index  goto 37
	list_cons  goto 38
	list_length  goto 39


state 19
	list : LBRACKET RBRACKET .  (23)

	.  reduce 23


state 20
	expr : MINUS . expr  (67)

	LPAREN  shift 18
	LBRACKET  shift 5
	MINUS  shift 20
	NOT  shift 21
	LITERAL  shift 22
	BLIT  shift 23
	ID  shift 24
	FLIT  shift 25
	CHAR  shift 26
	STRING  shift 27
	RUN  shift 28
	PATH  shift 29
	LEN  shift 30
	.  error

	list  goto 31
	exec  goto 32
	simple_exec  goto 33
	path  goto 34
	expr  goto 42
	index  goto 37
	list_cons  goto 38
	list_length  goto 39


state 21
	expr : NOT . expr  (68)

	LPAREN  shift 18
	LBRACKET  shift 5
	MINUS  shift 20
	NOT  shift 21
	LITERAL  shift 22
	BLIT  shift 23
	ID  shift 24
	FLIT  shift 25
	CHAR  shift 26
	STRING  shift 27
	RUN  shift 28
	PATH  shift 29
	LEN  shift 30
	.  error

	list  goto 31
	exec  goto 32
	simple_exec  goto 33
	path  goto 34
	expr  goto 43
	index  goto 37
	list_cons  goto 38
	list_length  goto 39


state 22
	expr : LITERAL .  (48)

	.  reduce 48


state 23
	expr : BLIT .  (50)

	.  reduce 50


state 24
	path : ID .  (16)
	index : ID . LBRACKET expr RBRACKET  (26)
	expr : ID .  (51)
	expr : ID . ASSIGN expr  (69)
	expr : ID . LPAREN args_opt RPAREN  (70)

	LPAREN  shift 44
	LBRACKET  shift 45
	ASSIGN  shift 46
	SEMI  reduce 51
	RPAREN  reduce 51
	LBRACE  reduce 16
	RBRACE  reduce 51
	COMMA  reduce 51
	RBRACKET  reduce 51
	PLUS  reduce 51
	MINUS  reduce 51
	TIMES  reduce 51
	DIVIDE  reduce 51
	AND  reduce 51
	OR  reduce 51
	GT  reduce 51
	LT  reduce 51
	EQ  reduce 51
	GEQ  reduce 51
	LEQ  reduce 51
	NEQ  reduce 51
	PIPE  reduce 51
	EXITCODE  reduce 51
	CONS  reduce 51


state 25
	expr : FLIT .  (49)

	.  reduce 49


state 26
	expr : CHAR .  (52)

	.  reduce 52


state 27
	path : STRING .  (17)
	expr : STRING .  (53)

	SEMI  reduce 53
	RPAREN  reduce 53
	LBRACE  reduce 17
	RBRACE  reduce 53
	COMMA  reduce 53
	RBRACKET  reduce 53
	PLUS  reduce 53
	MINUS  reduce 53
	TIMES  reduce 53
	DIVIDE  reduce 53
	AND  reduce 53
	OR  reduce 53
	GT  reduce 53
	LT  reduce 53
	EQ  reduce 53
	GEQ  reduce 53
	LEQ  reduce 53
	NEQ  reduce 53
	PIPE  reduce 53
	EXITCODE  reduce 53
	CONS  reduce 53


state 28
	expr : RUN . expr  (75)

	LPAREN  shift 18
	LBRACKET  shift 5
	MINUS  shift 20
	NOT  shift 21
	LITERAL  shift 22
	BLIT  shift 23
	ID  shift 24
	FLIT  shift 25
	CHAR  shift 26
	STRING  shift 27
	RUN  shift 28
	PATH  shift 29
	LEN  shift 30
	.  error

	list  goto 31
	exec  goto 32
	simple_exec  goto 33
	path  goto 34
	expr  goto 47
	index  goto 37
	list_cons  goto 38
	list_length  goto 39


state 29
	expr : PATH . expr  (74)

	LPAREN  shift 18
	LBRACKET  shift 5
	MINUS  shift 20
	NOT  shift 21
	LITERAL  shift 22
	BLIT  shift 23
	ID  shift 24
	FLIT  shift 25
	CHAR  shift 26
	STRING  shift 27
	RUN  shift 28
	PATH  shift 29
	LEN  shift 30
	.  error

	list  goto 31
	exec  goto 32
	simple_exec  goto 33
	path  goto 34
	expr  goto 48
	index  goto 37
	list_cons  goto 38
	list_length  goto 39


state 30
	list_length : LEN . ID  (28)

	ID  shift 49
	.  error


state 31
	expr : list .  (77)

	.  reduce 77


state 32
	expr : exec .  (76)

	.  reduce 76


state 33
	exec : simple_exec .  (14)

	.  reduce 14


state 34
	simple_exec : path . eargs_list  (15)

	LBRACE  shift 50
	.  error

	eargs_list  goto 51


state 35
	cont_list : expr . COMMA cont_list  (24)
	cont_list : expr . RBRACKET  (25)
	list_cons : expr . CONS ID  (27)
	expr : expr . PLUS expr  (54)
	expr : expr . MINUS expr  (55)
	expr : expr . TIMES expr  (56)
	expr : expr . DIVIDE expr  (57)
	expr : expr . EQ expr  (58)
	expr : expr . NEQ expr  (59)
	expr : expr . LT expr  (60)
	expr : expr . LEQ expr  (61)
	expr : expr . GT expr  (62)
	expr : expr . GEQ expr  (63)
	expr : expr . AND expr  (64)
	expr : expr . OR expr  (65)
	expr : expr . PIPE expr  (66)
	expr : expr . EXITCODE  (72)

	COMMA  shift 52
	RBRACKET  shift 53
	PLUS  shift 54
	MINUS  shift 55
	TIMES  shift 56
	DIVIDE  shift 57
	AND  shift 58
	OR  shift 59
	GT  shift 60
	LT  shift 61
	EQ  shift 62
	GEQ  shift 63
	LEQ  shift 64
	NEQ  shift 65
	PIPE  shift 66
	EXITCODE  shift 67
	CONS  shift 68
	.  error


state 36
	list : LBRACKET cont_list .  (22)

	.  reduce 22


state 37
	expr : index .  (73)

	.  reduce 73


state 38
	expr : list_cons .  (78)

	.  reduce 78


state 39
	expr : list_length .  (79)

	.  reduce 79


state 40
	fdecl : typ ID . LPAREN formals_opt RPAREN LBRACE vdecl_list stmt_list RBRACE  (29)
	vdecl : typ ID . SEMI  (36)

	SEMI  shift 69
	LPAREN  shift 70
	.  error


state 41
	list_cons : expr . CONS ID  (27)
	expr : expr . PLUS expr  (54)
	expr : expr . MINUS expr  (55)
	expr : expr . TIMES expr  (56)
	expr : expr . DIVIDE expr  (57)
	expr : expr . EQ expr  (58)
	expr : expr . NEQ expr  (59)
	expr : expr . LT expr  (60)
	expr : expr . LEQ expr  (61)
	expr : expr . GT expr  (62)
	expr : expr . GEQ expr  (63)
	expr : expr . AND expr  (64)
	expr : expr . OR expr  (65)
	expr : expr . PIPE expr  (66)
	expr : LPAREN expr . RPAREN  (71)
	expr : expr . EXITCODE  (72)

	RPAREN  shift 71
	PLUS  shift 54
	MINUS  shift 55
	TIMES  shift 56
	DIVIDE  shift 57
	AND  shift 58
	OR  shift 59
	GT  shift 60
	LT  shift 61
	EQ  shift 62
	GEQ  shift 63
	LEQ  shift 64
	NEQ  shift 65
	PIPE  shift 66
	EXITCODE  shift 67
	CONS  shift 68
	.  error


state 42
	list_cons : expr . CONS ID  (27)
	expr : expr . PLUS expr  (54)
	expr : expr . MINUS expr  (55)
	expr : expr . TIMES expr  (56)
	expr : expr . DIVIDE expr  (57)
	expr : expr . EQ expr  (58)
	expr : expr . NEQ expr  (59)
	expr : expr . LT expr  (60)
	expr : expr . LEQ expr  (61)
	expr : expr . GT expr  (62)
	expr : expr . GEQ expr  (63)
	expr : expr . AND expr  (64)
	expr : expr . OR expr  (65)
	expr : expr . PIPE expr  (66)
	expr : MINUS expr .  (67)
	expr : expr . EXITCODE  (72)

	CONS  shift 68
	SEMI  reduce 67
	RPAREN  reduce 67
	RBRACE  reduce 67
	COMMA  reduce 67
	RBRACKET  reduce 67
	PLUS  reduce 67
	MINUS  reduce 67
	TIMES  reduce 67
	DIVIDE  reduce 67
	AND  reduce 67
	OR  reduce 67
	GT  reduce 67
	LT  reduce 67
	EQ  reduce 67
	GEQ  reduce 67
	LEQ  reduce 67
	NEQ  reduce 67
	PIPE  reduce 67
	EXITCODE  reduce 67


state 43
	list_cons : expr . CONS ID  (27)
	expr : expr . PLUS expr  (54)
	expr : expr . MINUS expr  (55)
	expr : expr . TIMES expr  (56)
	expr : expr . DIVIDE expr  (57)
	expr : expr . EQ expr  (58)
	expr : expr . NEQ expr  (59)
	expr : expr . LT expr  (60)
	expr : expr . LEQ expr  (61)
	expr : expr . GT expr  (62)
	expr : expr . GEQ expr  (63)
	expr : expr . AND expr  (64)
	expr : expr . OR expr  (65)
	expr : expr . PIPE expr  (66)
	expr : NOT expr .  (68)
	expr : expr . EXITCODE  (72)

	CONS  shift 68
	SEMI  reduce 68
	RPAREN  reduce 68
	RBRACE  reduce 68
	COMMA  reduce 68
	RBRACKET  reduce 68
	PLUS  reduce 68
	MINUS  reduce 68
	TIMES  reduce 68
	DIVIDE  reduce 68
	AND  reduce 68
	OR  reduce 68
	GT  reduce 68
	LT  reduce 68
	EQ  reduce 68
	GEQ  reduce 68
	LEQ  reduce 68
	NEQ  reduce 68
	PIPE  reduce 68
	EXITCODE  reduce 68


state 44
	expr : ID LPAREN . args_opt RPAREN  (70)
	args_opt : .  (80)

	LPAREN  shift 18
	LBRACKET  shift 5
	MINUS  shift 20
	NOT  shift 21
	LITERAL  shift 22
	BLIT  shift 23
	ID  shift 24
	FLIT  shift 25
	CHAR  shift 26
	STRING  shift 27
	RUN  shift 28
	PATH  shift 29
	LEN  shift 30
	RPAREN  reduce 80

	list  goto 31
	exec  goto 32
	simple_exec  goto 33
	path  goto 34
	expr  goto 72
	index  goto 37
	list_cons  goto 38
	list_length  goto 39
	args_opt  goto 73
	args_list  goto 74


state 45
	index : ID LBRACKET . expr RBRACKET  (26)

	LPAREN  shift 18
	LBRACKET  shift 5
	MINUS  shift 20
	NOT  shift 21
	LITERAL  shift 22
	BLIT  shift 23
	ID  shift 24
	FLIT  shift 25
	CHAR  shift 26
	STRING  shift 27
	RUN  shift 28
	PATH  shift 29
	LEN  shift 30
	.  error

	list  goto 31
	exec  goto 32
	simple_exec  goto 33
	path  goto 34
	expr  goto 75
	index  goto 37
	list_cons  goto 38
	list_length  goto 39


state 46
	expr : ID ASSIGN . expr  (69)

	LPAREN  shift 18
	LBRACKET  shift 5
	MINUS  shift 20
	NOT  shift 21
	LITERAL  shift 22
	BLIT  shift 23
	ID  shift 24
	FLIT  shift 25
	CHAR  shift 26
	STRING  shift 27
	RUN  shift 28
	PATH  shift 29
	LEN  shift 30
	.  error

	list  goto 31
	exec  goto 32
	simple_exec  goto 33
	path  goto 34
	expr  goto 76
	index  goto 37
	list_cons  goto 38
	list_length  goto 39


state 47
	list_cons : expr . CONS ID  (27)
	expr : expr . PLUS expr  (54)
	expr : expr . MINUS expr  (55)
	expr : expr . TIMES expr  (56)
	expr : expr . DIVIDE expr  (57)
	expr : expr . EQ expr  (58)
	expr : expr . NEQ expr  (59)
	expr : expr . LT expr  (60)
	expr : expr . LEQ expr  (61)
	expr : expr . GT expr  (62)
	expr : expr . GEQ expr  (63)
	expr : expr . AND expr  (64)
	expr : expr . OR expr  (65)
	expr : expr . PIPE expr  (66)
	expr : expr . EXITCODE  (72)
	expr : RUN expr .  (75)

	PLUS  shift 54
	MINUS  shift 55
	TIMES  shift 56
	DIVIDE  shift 57
	AND  shift 58
	OR  shift 59
	GT  shift 60
	LT  shift 61
	EQ  shift 62
	GEQ  shift 63
	LEQ  shift 64
	NEQ  shift 65
	PIPE  shift 66
	CONS  shift 68
	SEMI  reduce 75
	RPAREN  reduce 75
	RBRACE  reduce 75
	COMMA  reduce 75
	RBRACKET  reduce 75
	EXITCODE  reduce 75


state 48
	list_cons : expr . CONS ID  (27)
	expr : expr . PLUS expr  (54)
	expr : expr . MINUS expr  (55)
	expr : expr . TIMES expr  (56)
	expr : expr . DIVIDE expr  (57)
	expr : expr . EQ expr  (58)
	expr : expr . NEQ expr  (59)
	expr : expr . LT expr  (60)
	expr : expr . LEQ expr  (61)
	expr : expr . GT expr  (62)
	expr : expr . GEQ expr  (63)
	expr : expr . AND expr  (64)
	expr : expr . OR expr  (65)
	expr : expr . PIPE expr  (66)
	expr : expr . EXITCODE  (72)
	expr : PATH expr .  (74)

	PLUS  shift 54
	MINUS  shift 55
	TIMES  shift 56
	DIVIDE  shift 57
	AND  shift 58
	OR  shift 59
	GT  shift 60
	LT  shift 61
	EQ  shift 62
	GEQ  shift 63
	LEQ  shift 64
	NEQ  shift 65
	PIPE  shift 66
	CONS  shift 68
	SEMI  reduce 74
	RPAREN  reduce 74
	RBRACE  reduce 74
	COMMA  reduce 74
	RBRACKET  reduce 74
	EXITCODE  reduce 74


state 49
	list_length : LEN ID .  (28)

	.  reduce 28


state 50
	eargs_list : LBRACE . cont_eargs_list  (18)
	eargs_list : LBRACE . RBRACE  (19)

	LPAREN  shift 18
	RBRACE  shift 77
	LBRACKET  shift 5
	MINUS  shift 20
	NOT  shift 21
	LITERAL  shift 22
	BLIT  shift 23
	ID  shift 24
	FLIT  shift 25
	CHAR  shift 26
	STRING  shift 27
	RUN  shift 28
	PATH  shift 29
	LEN  shift 30
	.  error

	list  goto 31
	exec  goto 32
	simple_exec  goto 33
	path  goto 34
	cont_eargs_list  goto 78
	expr  goto 79
	index  goto 37
	list_cons  goto 38
	list_length  goto 39


state 51
	simple_exec : path eargs_list .  (15)

	.  reduce 15


state 52
	cont_list : expr COMMA . cont_list  (24)

	LPAREN  shift 18
	LBRACKET  shift 5
	MINUS  shift 20
	NOT  shift 21
	LITERAL  shift 22
	BLIT  shift 23
	ID  shift 24
	FLIT  shift 25
	CHAR  shift 26
	STRING  shift 27
	RUN  shift 28
	PATH  shift 29
	LEN  shift 30
	.  error

	list  goto 31
	exec  goto 32
	simple_exec  goto 33
	path  goto 34
	expr  goto 35
	cont_list  goto 80
	index  goto 37
	list_cons  goto 38
	list_length  goto 39


state 53
	cont_list : expr RBRACKET .  (25)

	.  reduce 25


state 54
	expr : expr PLUS . expr  (54)

	LPAREN  shift 18
	LBRACKET  shift 5
	MINUS  shift 20
	NOT  shift 21
	LITERAL  shift 22
	BLIT  shift 23
	ID  shift 24
	FLIT  shift 25
	CHAR  shift 26
	STRING  shift 27
	RUN  shift 28
	PATH  shift 29
	LEN  shift 30
	.  error

	list  goto 31
	exec  goto 32
	simple_exec  goto 33
	path  goto 34
	expr  goto 81
	index  goto 37
	list_cons  goto 38
	list_length  goto 39


state 55
	expr : expr MINUS . expr  (55)

	LPAREN  shift 18
	LBRACKET  shift 5
	MINUS  shift 20
	NOT  shift 21
	LITERAL  shift 22
	BLIT  shift 23
	ID  shift 24
	FLIT  shift 25
	CHAR  shift 26
	STRING  shift 27
	RUN  shift 28
	PATH  shift 29
	LEN  shift 30
	.  error

	list  goto 31
	exec  goto 32
	simple_exec  goto 33
	path  goto 34
	expr  goto 82
	index  goto 37
	list_cons  goto 38
	list_length  goto 39


state 56
	expr : expr TIMES . expr  (56)

	LPAREN  shift 18
	LBRACKET  shift 5
	MINUS  shift 20
	NOT  shift 21
	LITERAL  shift 22
	BLIT  shift 23
	ID  shift 24
	FLIT  shift 25
	CHAR  shift 26
	STRING  shift 27
	RUN  shift 28
	PATH  shift 29
	LEN  shift 30
	.  error

	list  goto 31
	exec  goto 32
	simple_exec  goto 33
	path  goto 34
	expr  goto 83
	index  goto 37
	list_cons  goto 38
	list_length  goto 39


state 57
	expr : expr DIVIDE . expr  (57)

	LPAREN  shift 18
	LBRACKET  shift 5
	MINUS  shift 20
	NOT  shift 21
	LITERAL  shift 22
	BLIT  shift 23
	ID  shift 24
	FLIT  shift 25
	CHAR  shift 26
	STRING  shift 27
	RUN  shift 28
	PATH  shift 29
	LEN  shift 30
	.  error

	list  goto 31
	exec  goto 32
	simple_exec  goto 33
	path  goto 34
	expr  goto 84
	index  goto 37
	list_cons  goto 38
	list_length  goto 39


state 58
	expr : expr AND . expr  (64)

	LPAREN  shift 18
	LBRACKET  shift 5
	MINUS  shift 20
	NOT  shift 21
	LITERAL  shift 22
	BLIT  shift 23
	ID  shift 24
	FLIT  shift 25
	CHAR  shift 26
	STRING  shift 27
	RUN  shift 28
	PATH  shift 29
	LEN  shift 30
	.  error

	list  goto 31
	exec  goto 32
	simple_exec  goto 33
	path  goto 34
	expr  goto 85
	index  goto 37
	list_cons  goto 38
	list_length  goto 39


state 59
	expr : expr OR . expr  (65)

	LPAREN  shift 18
	LBRACKET  shift 5
	MINUS  shift 20
	NOT  shift 21
	LITERAL  shift 22
	BLIT  shift 23
	ID  shift 24
	FLIT  shift 25
	CHAR  shift 26
	STRING  shift 27
	RUN  shift 28
	PATH  shift 29
	LEN  shift 30
	.  error

	list  goto 31
	exec  goto 32
	simple_exec  goto 33
	path  goto 34
	expr  goto 86
	index  goto 37
	list_cons  goto 38
	list_length  goto 39


state 60
	expr : expr GT . expr  (62)

	LPAREN  shift 18
	LBRACKET  shift 5
	MINUS  shift 20
	NOT  shift 21
	LITERAL  shift 22
	BLIT  shift 23
	ID  shift 24
	FLIT  shift 25
	CHAR  shift 26
	STRING  shift 27
	RUN  shift 28
	PATH  shift 29
	LEN  shift 30
	.  error

	list  goto 31
	exec  goto 32
	simple_exec  goto 33
	path  goto 34
	expr  goto 87
	index  goto 37
	list_cons  goto 38
	list_length  goto 39


state 61
	expr : expr LT . expr  (60)

	LPAREN  shift 18
	LBRACKET  shift 5
	MINUS  shift 20
	NOT  shift 21
	LITERAL  shift 22
	BLIT  shift 23
	ID  shift 24
	FLIT  shift 25
	CHAR  shift 26
	STRING  shift 27
	RUN  shift 28
	PATH  shift 29
	LEN  shift 30
	.  error

	list  goto 31
	exec  goto 32
	simple_exec  goto 33
	path  goto 34
	expr  goto 88
	index  goto 37
	list_cons  goto 38
	list_length  goto 39


state 62
	expr : expr EQ . expr  (58)

	LPAREN  shift 18
	LBRACKET  shift 5
	MINUS  shift 20
	NOT  shift 21
	LITERAL  shift 22
	BLIT  shift 23
	ID  shift 24
	FLIT  shift 25
	CHAR  shift 26
	STRING  shift 27
	RUN  shift 28
	PATH  shift 29
	LEN  shift 30
	.  error

	list  goto 31
	exec  goto 32
	simple_exec  goto 33
	path  goto 34
	expr  goto 89
	index  goto 37
	list_cons  goto 38
	list_length  goto 39


state 63
	expr : expr GEQ . expr  (63)

	LPAREN  shift 18
	LBRACKET  shift 5
	MINUS  shift 20
	NOT  shift 21
	LITERAL  shift 22
	BLIT  shift 23
	ID  shift 24
	FLIT  shift 25
	CHAR  shift 26
	STRING  shift 27
	RUN  shift 28
	PATH  shift 29
	LEN  shift 30
	.  error

	list  goto 31
	exec  goto 32
	simple_exec  goto 33
	path  goto 34
	expr  goto 90
	index  goto 37
	list_cons  goto 38
	list_length  goto 39


state 64
	expr : expr LEQ . expr  (61)

	LPAREN  shift 18
	LBRACKET  shift 5
	MINUS  shift 20
	NOT  shift 21
	LITERAL  shift 22
	BLIT  shift 23
	ID  shift 24
	FLIT  shift 25
	CHAR  shift 26
	STRING  shift 27
	RUN  shift 28
	PATH  shift 29
	LEN  shift 30
	.  error

	list  goto 31
	exec  goto 32
	simple_exec  goto 33
	path  goto 34
	expr  goto 91
	index  goto 37
	list_cons  goto 38
	list_length  goto 39


state 65
	expr : expr NEQ . expr  (59)

	LPAREN  shift 18
	LBRACKET  shift 5
	MINUS  shift 20
	NOT  shift 21
	LITERAL  shift 22
	BLIT  shift 23
	ID  shift 24
	FLIT  shift 25
	CHAR  shift 26
	STRING  shift 27
	RUN  shift 28
	PATH  shift 29
	LEN  shift 30
	.  error

	list  goto 31
	exec  goto 32
	simple_exec  goto 33
	path  goto 34
	expr  goto 92
	index  goto 37
	list_cons  goto 38
	list_length  goto 39


state 66
	expr : expr PIPE . expr  (66)

	LPAREN  shift 18
	LBRACKET  shift 5
	MINUS  shift 20
	NOT  shift 21
	LITERAL  shift 22
	BLIT  shift 23
	ID  shift 24
	FLIT  shift 25
	CHAR  shift 26
	STRING  shift 27
	RUN  shift 28
	PATH  shift 29
	LEN  shift 30
	.  error

	list  goto 31
	exec  goto 32
	simple_exec  goto 33
	path  goto 34
	expr  goto 93
	index  goto 37
	list_cons  goto 38
	list_length  goto 39


state 67
	expr : expr EXITCODE .  (72)

	.  reduce 72


state 68
	list_cons : expr CONS . ID  (27)

	ID  shift 94
	.  error


state 69
	vdecl : typ ID SEMI .  (36)

	.  reduce 36


state 70
	fdecl : typ ID LPAREN . formals_opt RPAREN LBRACE vdecl_list stmt_list RBRACE  (29)
	formals_opt : .  (30)

	LBRACKET  shift 5
	INT  shift 6
	BOOL  shift 7
	FLOAT  shift 8
	VOID  shift 9
	EXEC  shift 10
	CHR  shift 11
	STR  shift 12
	RPAREN  reduce 30

	fdecl  goto 95
	typ  goto 96
	list  goto 17
	formals_opt  goto 97
	formal_list  goto 98


state 71
	expr : LPAREN expr RPAREN .  (71)

	.  reduce 71


state 72
	list_cons : expr . CONS ID  (27)
	expr : expr . PLUS expr  (54)
	expr : expr . MINUS expr  (55)
	expr : expr . TIMES expr  (56)
	expr : expr . DIVIDE expr  (57)
	expr : expr . EQ expr  (58)
	expr : expr . NEQ expr  (59)
	expr : expr . LT expr  (60)
	expr : expr . LEQ expr  (61)
	expr : expr . GT expr  (62)
	expr : expr . GEQ expr  (63)
	expr : expr . AND expr  (64)
	expr : expr . OR expr  (65)
	expr : expr . PIPE expr  (66)
	expr : expr . EXITCODE  (72)
	args_list : expr .  (82)

	PLUS  shift 54
	MINUS  shift 55
	TIMES  shift 56
	DIVIDE  shift 57
	AND  shift 58
	OR  shift 59
	GT  shift 60
	LT  shift 61
	EQ  shift 62
	GEQ  shift 63
	LEQ  shift 64
	NEQ  shift 65
	PIPE  shift 66
	EXITCODE  shift 67
	CONS  shift 68
	RPAREN  reduce 82
	COMMA  reduce 82


state 73
	expr : ID LPAREN args_opt . RPAREN  (70)

	RPAREN  shift 99
	.  error


state 74
	args_opt : args_list .  (81)
	args_list : args_list . COMMA expr  (83)

	COMMA  shift 100
	RPAREN  reduce 81


state 75
	index : ID LBRACKET expr . RBRACKET  (26)
	list_cons : expr . CONS ID  (27)
	expr : expr . PLUS expr  (54)
	expr : expr . MINUS expr  (55)
	expr : expr . TIMES expr  (56)
	expr : expr . DIVIDE expr  (57)
	expr : expr . EQ expr  (58)
	expr : expr . NEQ expr  (59)
	expr : expr . LT expr  (60)
	expr : expr . LEQ expr  (61)
	expr : expr . GT expr  (62)
	expr : expr . GEQ expr  (63)
	expr : expr . AND expr  (64)
	expr : expr . OR expr  (65)
	expr : expr . PIPE expr  (66)
	expr : expr . EXITCODE  (72)

	RBRACKET  shift 101
	PLUS  shift 54
	MINUS  shift 55
	TIMES  shift 56
	DIVIDE  shift 57
	AND  shift 58
	OR  shift 59
	GT  shift 60
	LT  shift 61
	EQ  shift 62
	GEQ  shift 63
	LEQ  shift 64
	NEQ  shift 65
	PIPE  shift 66
	EXITCODE  shift 67
	CONS  shift 68
	.  error


state 76
	list_cons : expr . CONS ID  (27)
	expr : expr . PLUS expr  (54)
	expr : expr . MINUS expr  (55)
	expr : expr . TIMES expr  (56)
	expr : expr . DIVIDE expr  (57)
	expr : expr . EQ expr  (58)
	expr : expr . NEQ expr  (59)
	expr : expr . LT expr  (60)
	expr : expr . LEQ expr  (61)
	expr : expr . GT expr  (62)
	expr : expr . GEQ expr  (63)
	expr : expr . AND expr  (64)
	expr : expr . OR expr  (65)
	expr : expr . PIPE expr  (66)
	expr : ID ASSIGN expr .  (69)
	expr : expr . EXITCODE  (72)

	PLUS  shift 54
	MINUS  shift 55
	TIMES  shift 56
	DIVIDE  shift 57
	AND  shift 58
	OR  shift 59
	GT  shift 60
	LT  shift 61
	EQ  shift 62
	GEQ  shift 63
	LEQ  shift 64
	NEQ  shift 65
	CONS  shift 68
	SEMI  reduce 69
	RPAREN  reduce 69
	RBRACE  reduce 69
	COMMA  reduce 69
	RBRACKET  reduce 69
	PIPE  reduce 69
	EXITCODE  reduce 69


state 77
	eargs_list : LBRACE RBRACE .  (19)

	.  reduce 19


state 78
	eargs_list : LBRACE cont_eargs_list .  (18)

	.  reduce 18


state 79
	cont_eargs_list : expr . COMMA cont_eargs_list  (20)
	cont_eargs_list : expr . RBRACE  (21)
	list_cons : expr . CONS ID  (27)
	expr : expr . PLUS expr  (54)
	expr : expr . MINUS expr  (55)
	expr : expr . TIMES expr  (56)
	expr : expr . DIVIDE expr  (57)
	expr : expr . EQ expr  (58)
	expr : expr . NEQ expr  (59)
	expr : expr . LT expr  (60)
	expr : expr . LEQ expr  (61)
	expr : expr . GT expr  (62)
	expr : expr . GEQ expr  (63)
	expr : expr . AND expr  (64)
	expr : expr . OR expr  (65)
	expr : expr . PIPE expr  (66)
	expr : expr . EXITCODE  (72)

	RBRACE  shift 102
	COMMA  shift 103
	PLUS  shift 54
	MINUS  shift 55
	TIMES  shift 56
	DIVIDE  shift 57
	AND  shift 58
	OR  shift 59
	GT  shift 60
	LT  shift 61
	EQ  shift 62
	GEQ  shift 63
	LEQ  shift 64
	NEQ  shift 65
	PIPE  shift 66
	EXITCODE  shift 67
	CONS  shift 68
	.  error


state 80
	cont_list : expr COMMA cont_list .  (24)

	.  reduce 24


state 81
	list_cons : expr . CONS ID  (27)
	expr : expr . PLUS expr  (54)
	expr : expr PLUS expr .  (54)
	expr : expr . MINUS expr  (55)
	expr : expr . TIMES expr  (56)
	expr : expr . DIVIDE expr  (57)
	expr : expr . EQ expr  (58)
	expr : expr . NEQ expr  (59)
	expr : expr . LT expr  (60)
	expr : expr . LEQ expr  (61)
	expr : expr . GT expr  (62)
	expr : expr . GEQ expr  (63)
	expr : expr . AND expr  (64)
	expr : expr . OR expr  (65)
	expr : expr . PIPE expr  (66)
	expr : expr . EXITCODE  (72)

	TIMES  shift 56
	DIVIDE  shift 57
	CONS  shift 68
	SEMI  reduce 54
	RPAREN  reduce 54
	RBRACE  reduce 54
	COMMA  reduce 54
	RBRACKET  reduce 54
	PLUS  reduce 54
	MINUS  reduce 54
	AND  reduce 54
	OR  reduce 54
	GT  reduce 54
	LT  reduce 54
	EQ  reduce 54
	GEQ  reduce 54
	LEQ  reduce 54
	NEQ  reduce 54
	PIPE  reduce 54
	EXITCODE  reduce 54


state 82
	list_cons : expr . CONS ID  (27)
	expr : expr . PLUS expr  (54)
	expr : expr . MINUS expr  (55)
	expr : expr MINUS expr .  (55)
	expr : expr . TIMES expr  (56)
	expr : expr . DIVIDE expr  (57)
	expr : expr . EQ expr  (58)
	expr : expr . NEQ expr  (59)
	expr : expr . LT expr  (60)
	expr : expr . LEQ expr  (61)
	expr : expr . GT expr  (62)
	expr : expr . GEQ expr  (63)
	expr : expr . AND expr  (64)
	expr : expr . OR expr  (65)
	expr : expr . PIPE expr  (66)
	expr : expr . EXITCODE  (72)

	TIMES  shift 56
	DIVIDE  shift 57
	CONS  shift 68
	SEMI  reduce 55
	RPAREN  reduce 55
	RBRACE  reduce 55
	COMMA  reduce 55
	RBRACKET  reduce 55
	PLUS  reduce 55
	MINUS  reduce 55
	AND  reduce 55
	OR  reduce 55
	GT  reduce 55
	LT  reduce 55
	EQ  reduce 55
	GEQ  reduce 55
	LEQ  reduce 55
	NEQ  reduce 55
	PIPE  reduce 55
	EXITCODE  reduce 55


state 83
	list_cons : expr . CONS ID  (27)
	expr : expr . PLUS expr  (54)
	expr : expr . MINUS expr  (55)
	expr : expr . TIMES expr  (56)
	expr : expr TIMES expr .  (56)
	expr : expr . DIVIDE expr  (57)
	expr : expr . EQ expr  (58)
	expr : expr . NEQ expr  (59)
	expr : expr . LT expr  (60)
	expr : expr . LEQ expr  (61)
	expr : expr . GT expr  (62)
	expr : expr . GEQ expr  (63)
	expr : expr . AND expr  (64)
	expr : expr . OR expr  (65)
	expr : expr . PIPE expr  (66)
	expr : expr . EXITCODE  (72)

	CONS  shift 68
	SEMI  reduce 56
	RPAREN  reduce 56
	RBRACE  reduce 56
	COMMA  reduce 56
	RBRACKET  reduce 56
	PLUS  reduce 56
	MINUS  reduce 56
	TIMES  reduce 56
	DIVIDE  reduce 56
	AND  reduce 56
	OR  reduce 56
	GT  reduce 56
	LT  reduce 56
	EQ  reduce 56
	GEQ  reduce 56
	LEQ  reduce 56
	NEQ  reduce 56
	PIPE  reduce 56
	EXITCODE  reduce 56


state 84
	list_cons : expr . CONS ID  (27)
	expr : expr . PLUS expr  (54)
	expr : expr . MINUS expr  (55)
	expr : expr . TIMES expr  (56)
	expr : expr . DIVIDE expr  (57)
	expr : expr DIVIDE expr .  (57)
	expr : expr . EQ expr  (58)
	expr : expr . NEQ expr  (59)
	expr : expr . LT expr  (60)
	expr : expr . LEQ expr  (61)
	expr : expr . GT expr  (62)
	expr : expr . GEQ expr  (63)
	expr : expr . AND expr  (64)
	expr : expr . OR expr  (65)
	expr : expr . PIPE expr  (66)
	expr : expr . EXITCODE  (72)

	CONS  shift 68
	SEMI  reduce 57
	RPAREN  reduce 57
	RBRACE  reduce 57
	COMMA  reduce 57
	RBRACKET  reduce 57
	PLUS  reduce 57
	MINUS  reduce 57
	TIMES  reduce 57
	DIVIDE  reduce 57
	AND  reduce 57
	OR  reduce 57
	GT  reduce 57
	LT  reduce 57
	EQ  reduce 57
	GEQ  reduce 57
	LEQ  reduce 57
	NEQ  reduce 57
	PIPE  reduce 57
	EXITCODE  reduce 57


state 85
	list_cons : expr . CONS ID  (27)
	expr : expr . PLUS expr  (54)
	expr : expr . MINUS expr  (55)
	expr : expr . TIMES expr  (56)
	expr : expr . DIVIDE expr  (57)
	expr : expr . EQ expr  (58)
	expr : expr . NEQ expr  (59)
	expr : expr . LT expr  (60)
	expr : expr . LEQ expr  (61)
	expr : expr . GT expr  (62)
	expr : expr . GEQ expr  (63)
	expr : expr . AND expr  (64)
	expr : expr AND expr .  (64)
	expr : expr . OR expr  (65)
	expr : expr . PIPE expr  (66)
	expr : expr . EXITCODE  (72)

	PLUS  shift 54
	MINUS  shift 55
	TIMES  shift 56
	DIVIDE  shift 57
	GT  shift 60
	LT  shift 61
	EQ  shift 62
	GEQ  shift 63
	LEQ  shift 64
	NEQ  shift 65
	CONS  shift 68
	SEMI  reduce 64
	RPAREN  reduce 64
	RBRACE  reduce 64
	COMMA  reduce 64
	RBRACKET  reduce 64
	AND  reduce 64
	OR  reduce 64
	PIPE  reduce 64
	EXITCODE  reduce 64


state 86
	list_cons : expr . CONS ID  (27)
	expr : expr . PLUS expr  (54)
	expr : expr . MINUS expr  (55)
	expr : expr . TIMES expr  (56)
	expr : expr . DIVIDE expr  (57)
	expr : expr . EQ expr  (58)
	expr : expr . NEQ expr  (59)
	expr : expr . LT expr  (60)
	expr : expr . LEQ expr  (61)
	expr : expr . GT expr  (62)
	expr : expr . GEQ expr  (63)
	expr : expr . AND expr  (64)
	expr : expr . OR expr  (65)
	expr : expr OR expr .  (65)
	expr : expr . PIPE expr  (66)
	expr : expr . EXITCODE  (72)

	PLUS  shift 54
	MINUS  shift 55
	TIMES  shift 56
	DIVIDE  shift 57
	AND  shift 58
	GT  shift 60
	LT  shift 61
	EQ  shift 62
	GEQ  shift 63
	LEQ  shift 64
	NEQ  shift 65
	CONS  shift 68
	SEMI  reduce 65
	RPAREN  reduce 65
	RBRACE  reduce 65
	COMMA  reduce 65
	RBRACKET  reduce 65
	OR  reduce 65
	PIPE  reduce 65
	EXITCODE  reduce 65


state 87
	list_cons : expr . CONS ID  (27)
	expr : expr . PLUS expr  (54)
	expr : expr . MINUS expr  (55)
	expr : expr . TIMES expr  (56)
	expr : expr . DIVIDE expr  (57)
	expr : expr . EQ expr  (58)
	expr : expr . NEQ expr  (59)
	expr : expr . LT expr  (60)
	expr : expr . LEQ expr  (61)
	expr : expr . GT expr  (62)
	expr : expr GT expr .  (62)
	expr : expr . GEQ expr  (63)
	expr : expr . AND expr  (64)
	expr : expr . OR expr  (65)
	expr : expr . PIPE expr  (66)
	expr : expr . EXITCODE  (72)

	PLUS  shift 54
	MINUS  shift 55
	TIMES  shift 56
	DIVIDE  shift 57
	CONS  shift 68
	SEMI  reduce 62
	RPAREN  reduce 62
	RBRACE  reduce 62
	COMMA  reduce 62
	RBRACKET  reduce 62
	AND  reduce 62
	OR  reduce 62
	GT  reduce 62
	LT  reduce 62
	EQ  reduce 62
	GEQ  reduce 62
	LEQ  reduce 62
	NEQ  reduce 62
	PIPE  reduce 62
	EXITCODE  reduce 62


state 88
	list_cons : expr . CONS ID  (27)
	expr : expr . PLUS expr  (54)
	expr : expr . MINUS expr  (55)
	expr : expr . TIMES expr  (56)
	expr : expr . DIVIDE expr  (57)
	expr : expr . EQ expr  (58)
	expr : expr . NEQ expr  (59)
	expr : expr . LT expr  (60)
	expr : expr LT expr .  (60)
	expr : expr . LEQ expr  (61)
	expr : expr . GT expr  (62)
	expr : expr . GEQ expr  (63)
	expr : expr . AND expr  (64)
	expr : expr . OR expr  (65)
	expr : expr . PIPE expr  (66)
	expr : expr . EXITCODE  (72)

	PLUS  shift 54
	MINUS  shift 55
	TIMES  shift 56
	DIVIDE  shift 57
	CONS  shift 68
	SEMI  reduce 60
	RPAREN  reduce 60
	RBRACE  reduce 60
	COMMA  reduce 60
	RBRACKET  reduce 60
	AND  reduce 60
	OR  reduce 60
	GT  reduce 60
	LT  reduce 60
	EQ  reduce 60
	GEQ  reduce 60
	LEQ  reduce 60
	NEQ  reduce 60
	PIPE  reduce 60
	EXITCODE  reduce 60


state 89
	list_cons : expr . CONS ID  (27)
	expr : expr . PLUS expr  (54)
	expr : expr . MINUS expr  (55)
	expr : expr . TIMES expr  (56)
	expr : expr . DIVIDE expr  (57)
	expr : expr . EQ expr  (58)
	expr : expr EQ expr .  (58)
	expr : expr . NEQ expr  (59)
	expr : expr . LT expr  (60)
	expr : expr . LEQ expr  (61)
	expr : expr . GT expr  (62)
	expr : expr . GEQ expr  (63)
	expr : expr . AND expr  (64)
	expr : expr . OR expr  (65)
	expr : expr . PIPE expr  (66)
	expr : expr . EXITCODE  (72)

	PLUS  shift 54
	MINUS  shift 55
	TIMES  shift 56
	DIVIDE  shift 57
	GT  shift 60
	LT  shift 61
	GEQ  shift 63
	LEQ  shift 64
	CONS  shift 68
	SEMI  reduce 58
	RPAREN  reduce 58
	RBRACE  reduce 58
	COMMA  reduce 58
	RBRACKET  reduce 58
	AND  reduce 58
	OR  reduce 58
	EQ  reduce 58
	NEQ  reduce 58
	PIPE  reduce 58
	EXITCODE  reduce 58


state 90
	list_cons : expr . CONS ID  (27)
	expr : expr . PLUS expr  (54)
	expr : expr . MINUS expr  (55)
	expr : expr . TIMES expr  (56)
	expr : expr . DIVIDE expr  (57)
	expr : expr . EQ expr  (58)
	expr : expr . NEQ expr  (59)
	expr : expr . LT expr  (60)
	expr : expr . LEQ expr  (61)
	expr : expr . GT expr  (62)
	expr : expr . GEQ expr  (63)
	expr : expr GEQ expr .  (63)
	expr : expr . AND expr  (64)
	expr : expr . OR expr  (65)
	expr : expr . PIPE expr  (66)
	expr : expr . EXITCODE  (72)

	PLUS  shift 54
	MINUS  shift 55
	TIMES  shift 56
	DIVIDE  shift 57
	CONS  shift 68
	SEMI  reduce 63
	RPAREN  reduce 63
	RBRACE  reduce 63
	COMMA  reduce 63
	RBRACKET  reduce 63
	AND  reduce 63
	OR  reduce 63
	GT  reduce 63
	LT  reduce 63
	EQ  reduce 63
	GEQ  reduce 63
	LEQ  reduce 63
	NEQ  reduce 63
	PIPE  reduce 63
	EXITCODE  reduce 63


state 91
	list_cons : expr . CONS ID  (27)
	expr : expr . PLUS expr  (54)
	expr : expr . MINUS expr  (55)
	expr : expr . TIMES expr  (56)
	expr : expr . DIVIDE expr  (57)
	expr : expr . EQ expr  (58)
	expr : expr . NEQ expr  (59)
	expr : expr . LT expr  (60)
	expr : expr . LEQ expr  (61)
	expr : expr LEQ expr .  (61)
	expr : expr . GT expr  (62)
	expr : expr . GEQ expr  (63)
	expr : expr . AND expr  (64)
	expr : expr . OR expr  (65)
	expr : expr . PIPE expr  (66)
	expr : expr . EXITCODE  (72)

	PLUS  shift 54
	MINUS  shift 55
	TIMES  shift 56
	DIVIDE  shift 57
	CONS  shift 68
	SEMI  reduce 61
	RPAREN  reduce 61
	RBRACE  reduce 61
	COMMA  reduce 61
	RBRACKET  reduce 61
	AND  reduce 61
	OR  reduce 61
	GT  reduce 61
	LT  reduce 61
	EQ  reduce 61
	GEQ  reduce 61
	LEQ  reduce 61
	NEQ  reduce 61
	PIPE  reduce 61
	EXITCODE  reduce 61


state 92
	list_cons : expr . CONS ID  (27)
	expr : expr . PLUS expr  (54)
	expr : expr . MINUS expr  (55)
	expr : expr . TIMES expr  (56)
	expr : expr . DIVIDE expr  (57)
	expr : expr . EQ expr  (58)
	expr : expr . NEQ expr  (59)
	expr : expr NEQ expr .  (59)
	expr : expr . LT expr  (60)
	expr : expr . LEQ expr  (61)
	expr : expr . GT expr  (62)
	expr : expr . GEQ expr  (63)
	expr : expr . AND expr  (64)
	expr : expr . OR expr  (65)
	expr : expr . PIPE expr  (66)
	expr : expr . EXITCODE  (72)

	PLUS  shift 54
	MINUS  shift 55
	TIMES  shift 56
	DIVIDE  shift 57
	GT  shift 60
	LT  shift 61
	GEQ  shift 63
	LEQ  shift 64
	CONS  shift 68
	SEMI  reduce 59
	RPAREN  reduce 59
	RBRACE  reduce 59
	COMMA  reduce 59
	RBRACKET  reduce 59
	AND  reduce 59
	OR  reduce 59
	EQ  reduce 59
	NEQ  reduce 59
	PIPE  reduce 59
	EXITCODE  reduce 59


state 93
	list_cons : expr . CONS ID  (27)
	expr : expr . PLUS expr  (54)
	expr : expr . MINUS expr  (55)
	expr : expr . TIMES expr  (56)
	expr : expr . DIVIDE expr  (57)
	expr : expr . EQ expr  (58)
	expr : expr . NEQ expr  (59)
	expr : expr . LT expr  (60)
	expr : expr . LEQ expr  (61)
	expr : expr . GT expr  (62)
	expr : expr . GEQ expr  (63)
	expr : expr . AND expr  (64)
	expr : expr . OR expr  (65)
	expr : expr . PIPE expr  (66)
	expr : expr PIPE expr .  (66)
	expr : expr . EXITCODE  (72)

	PLUS  shift 54
	MINUS  shift 55
	TIMES  shift 56
	DIVIDE  shift 57
	AND  shift 58
	OR  shift 59
	GT  shift 60
	LT  shift 61
	EQ  shift 62
	GEQ  shift 63
	LEQ  shift 64
	NEQ  shift 65
	CONS  shift 68
	SEMI  reduce 66
	RPAREN  reduce 66
	RBRACE  reduce 66
	COMMA  reduce 66
	RBRACKET  reduce 66
	PIPE  reduce 66
	EXITCODE  reduce 66


state 94
	list_cons : expr CONS ID .  (27)

	.  reduce 27


state 95
	typ : fdecl .  (13)

	.  reduce 13


state 96
	fdecl : typ . ID LPAREN formals_opt RPAREN LBRACE vdecl_list stmt_list RBRACE  (29)
	formal_list : typ . ID  (32)

	ID  shift 104
	.  error


state 97
	fdecl : typ ID LPAREN formals_opt . RPAREN LBRACE vdecl_list stmt_list RBRACE  (29)

	RPAREN  shift 105
	.  error


state 98
	formals_opt : formal_list .  (31)
	formal_list : formal_list . COMMA typ ID  (33)

	COMMA  shift 106
	RPAREN  reduce 31


state 99
	expr : ID LPAREN args_opt RPAREN .  (70)

	.  reduce 70


state 100
	args_list : args_list COMMA . expr  (83)

	LPAREN  shift 18
	LBRACKET  shift 5
	MINUS  shift 20
	NOT  shift 21
	LITERAL  shift 22
	BLIT  shift 23
	ID  shift 24
	FLIT  shift 25
	CHAR  shift 26
	STRING  shift 27
	RUN  shift 28
	PATH  shift 29
	LEN  shift 30
	.  error

	list  goto 31
	exec  goto 32
	simple_exec  goto 33
	path  goto 34
	expr  goto 107
	index  goto 37
	list_cons  goto 38
	list_length  goto 39


state 101
	index : ID LBRACKET expr RBRACKET .  (26)

	.  reduce 26


state 102
	cont_eargs_list : expr RBRACE .  (21)

	.  reduce 21


state 103
	cont_eargs_list : expr COMMA . cont_eargs_list  (20)

	LPAREN  shift 18
	LBRACKET  shift 5
	MINUS  shift 20
	NOT  shift 21
	LITERAL  shift 22
	BLIT  shift 23
	ID  shift 24
	FLIT  shift 25
	CHAR  shift 26
	STRING  shift 27
	RUN  shift 28
	PATH  shift 29
	LEN  shift 30
	.  error

	list  goto 31
	exec  goto 32
	simple_exec  goto 33
	path  goto 34
	cont_eargs_list  goto 108
	expr  goto 79
	index  goto 37
	list_cons  goto 38
	list_length  goto 39


state 104
	fdecl : typ ID . LPAREN formals_opt RPAREN LBRACE vdecl_list stmt_list RBRACE  (29)
	formal_list : typ ID .  (32)

	LPAREN  shift 70
	RPAREN  reduce 32
	COMMA  reduce 32


state 105
	fdecl : typ ID LPAREN formals_opt RPAREN . LBRACE vdecl_list stmt_list RBRACE  (29)

	LBRACE  shift 109
	.  error


state 106
	formal_list : formal_list COMMA . typ ID  (33)

	LBRACKET  shift 5
	INT  shift 6
	BOOL  shift 7
	FLOAT  shift 8
	VOID  shift 9
	EXEC  shift 10
	CHR  shift 11
	STR  shift 12
	.  error

	fdecl  goto 95
	typ  goto 110
	list  goto 17


state 107
	list_cons : expr . CONS ID  (27)
	expr : expr . PLUS expr  (54)
	expr : expr . MINUS expr  (55)
	expr : expr . TIMES expr  (56)
	expr : expr . DIVIDE expr  (57)
	expr : expr . EQ expr  (58)
	expr : expr . NEQ expr  (59)
	expr : expr . LT expr  (60)
	expr : expr . LEQ expr  (61)
	expr : expr . GT expr  (62)
	expr : expr . GEQ expr  (63)
	expr : expr . AND expr  (64)
	expr : expr . OR expr  (65)
	expr : expr . PIPE expr  (66)
	expr : expr . EXITCODE  (72)
	args_list : args_list COMMA expr .  (83)

	PLUS  shift 54
	MINUS  shift 55
	TIMES  shift 56
	DIVIDE  shift 57
	AND  shift 58
	OR  shift 59
	GT  shift 60
	LT  shift 61
	EQ  shift 62
	GEQ  shift 63
	LEQ  shift 64
	NEQ  shift 65
	PIPE  shift 66
	EXITCODE  shift 67
	CONS  shift 68
	RPAREN  reduce 83
	COMMA  reduce 83


state 108
	cont_eargs_list : expr COMMA cont_eargs_list .  (20)

	.  reduce 20


state 109
	fdecl : typ ID LPAREN formals_opt RPAREN LBRACE . vdecl_list stmt_list RBRACE  (29)
	vdecl_list : .  (34)

	.  reduce 34

	vdecl_list  goto 111


state 110
	fdecl : typ . ID LPAREN formals_opt RPAREN LBRACE vdecl_list stmt_list RBRACE  (29)
	formal_list : formal_list COMMA typ . ID  (33)

	ID  shift 112
	.  error


state 111
	fdecl : typ ID LPAREN formals_opt RPAREN LBRACE vdecl_list . stmt_list RBRACE  (29)
	vdecl_list : vdecl_list . vdecl  (35)
	stmt_list : .  (37)

	LBRACKET  shift 5
	INT  shift 6
	BOOL  shift 7
	FLOAT  shift 8
	VOID  shift 9
	EXEC  shift 10
	CHR  shift 11
	STR  shift 12
	LPAREN  reduce 37
	LBRACE  reduce 37
	RBRACE  reduce 37
	MINUS  reduce 37
	NOT  reduce 37
	IF  reduce 37
	WHILE  reduce 37
	FOR  reduce 37
	RETURN  reduce 37
	LITERAL  reduce 37
	BLIT  reduce 37
	ID  reduce 37
	FLIT  reduce 37
	CHAR  reduce 37
	STRING  reduce 37
	RUN  reduce 37
	PATH  reduce 37
	LEN  reduce 37

	vdecl  goto 113
	fdecl  goto 95
	typ  goto 16
	list  goto 17
	stmt_list  goto 114


state 112
	fdecl : typ ID . LPAREN formals_opt RPAREN LBRACE vdecl_list stmt_list RBRACE  (29)
	formal_list : formal_list COMMA typ ID .  (33)

	LPAREN  shift 70
	RPAREN  reduce 33
	COMMA  reduce 33


state 113
	vdecl_list : vdecl_list vdecl .  (35)

	.  reduce 35


state 114
	fdecl : typ ID LPAREN formals_opt RPAREN LBRACE vdecl_list stmt_list . RBRACE  (29)
	stmt_list : stmt_list . stmt  (38)

	LPAREN  shift 18
	LBRACE  shift 115
	RBRACE  shift 116
	LBRACKET  shift 5
	MINUS  shift 20
	NOT  shift 21
	IF  shift 117
	WHILE  shift 118
	FOR  shift 119
	RETURN  shift 120
	LITERAL  shift 22
	BLIT  shift 23
	ID  shift 24
	FLIT  shift 25
	CHAR  shift 26
	STRING  shift 27
	RUN  shift 28
	PATH  shift 29
	LEN  shift 30
	.  error

	list  goto 31
	exec  goto 32
	simple_exec  goto 33
	path  goto 34
	expr  goto 121
	index  goto 37
	list_cons  goto 38
	list_length  goto 39
	stmt  goto 122


state 115
	stmt : LBRACE . stmt_list RBRACE  (41)
	stmt_list : .  (37)

	.  reduce 37

	stmt_list  goto 123


state 116
	fdecl : typ ID LPAREN formals_opt RPAREN LBRACE vdecl_list stmt_list RBRACE .  (29)

	.  reduce 29


state 117
	stmt : IF . LPAREN expr RPAREN stmt  (42)
	stmt : IF . LPAREN expr RPAREN stmt ELSE stmt  (43)

	LPAREN  shift 124
	.  error


state 118
	stmt : WHILE . LPAREN expr RPAREN stmt  (45)

	LPAREN  shift 125
	.  error


state 119
	stmt : FOR . LPAREN expr_opt SEMI expr SEMI expr_opt RPAREN stmt  (44)

	LPAREN  shift 126
	.  error


state 120
	stmt : RETURN . expr_opt SEMI  (40)
	expr_opt : .  (46)

	LPAREN  shift 18
	LBRACKET  shift 5
	MINUS  shift 20
	NOT  shift 21
	LITERAL  shift 22
	BLIT  shift 23
	ID  shift 24
	FLIT  shift 25
	CHAR  shift 26
	STRING  shift 27
	RUN  shift 28
	PATH  shift 29
	LEN  shift 30
	SEMI  reduce 46

	list  goto 31
	exec  goto 32
	simple_exec  goto 33
	path  goto 34
	expr  goto 127
	index  goto 37
	list_cons  goto 38
	list_length  goto 39
	expr_opt  goto 128


state 121
	list_cons : expr . CONS ID  (27)
	stmt : expr . SEMI  (39)
	expr : expr . PLUS expr  (54)
	expr : expr . MINUS expr  (55)
	expr : expr . TIMES expr  (56)
	expr : expr . DIVIDE expr  (57)
	expr : expr . EQ expr  (58)
	expr : expr . NEQ expr  (59)
	expr : expr . LT expr  (60)
	expr : expr . LEQ expr  (61)
	expr : expr . GT expr  (62)
	expr : expr . GEQ expr  (63)
	expr : expr . AND expr  (64)
	expr : expr . OR expr  (65)
	expr : expr . PIPE expr  (66)
	expr : expr . EXITCODE  (72)

	SEMI  shift 129
	PLUS  shift 54
	MINUS  shift 55
	TIMES  shift 56
	DIVIDE  shift 57
	AND  shift 58
	OR  shift 59
	GT  shift 60
	LT  shift 61
	EQ  shift 62
	GEQ  shift 63
	LEQ  shift 64
	NEQ  shift 65
	PIPE  shift 66
	EXITCODE  shift 67
	CONS  shift 68
	.  error


state 122
	stmt_list : stmt_list stmt .  (38)

	.  reduce 38


state 123
	stmt_list : stmt_list . stmt  (38)
	stmt : LBRACE stmt_list . RBRACE  (41)

	LPAREN  shift 18
	LBRACE  shift 115
	RBRACE  shift 130
	LBRACKET  shift 5
	MINUS  shift 20
	NOT  shift 21
	IF  shift 117
	WHILE  shift 118
	FOR  shift 119
	RETURN  shift 120
	LITERAL  shift 22
	BLIT  shift 23
	ID  shift 24
	FLIT  shift 25
	CHAR  shift 26
	STRING  shift 27
	RUN  shift 28
	PATH  shift 29
	LEN  shift 30
	.  error

	list  goto 31
	exec  goto 32
	simple_exec  goto 33
	path  goto 34
	expr  goto 121
	index  goto 37
	list_cons  goto 38
	list_length  goto 39
	stmt  goto 122


state 124
	stmt : IF LPAREN . expr RPAREN stmt  (42)
	stmt : IF LPAREN . expr RPAREN stmt ELSE stmt  (43)

	LPAREN  shift 18
	LBRACKET  shift 5
	MINUS  shift 20
	NOT  shift 21
	LITERAL  shift 22
	BLIT  shift 23
	ID  shift 24
	FLIT  shift 25
	CHAR  shift 26
	STRING  shift 27
	RUN  shift 28
	PATH  shift 29
	LEN  shift 30
	.  error

	list  goto 31
	exec  goto 32
	simple_exec  goto 33
	path  goto 34
	expr  goto 131
	index  goto 37
	list_cons  goto 38
	list_length  goto 39


state 125
	stmt : WHILE LPAREN . expr RPAREN stmt  (45)

	LPAREN  shift 18
	LBRACKET  shift 5
	MINUS  shift 20
	NOT  shift 21
	LITERAL  shift 22
	BLIT  shift 23
	ID  shift 24
	FLIT  shift 25
	CHAR  shift 26
	STRING  shift 27
	RUN  shift 28
	PATH  shift 29
	LEN  shift 30
	.  error

	list  goto 31
	exec  goto 32
	simple_exec  goto 33
	path  goto 34
	expr  goto 132
	index  goto 37
	list_cons  goto 38
	list_length  goto 39


state 126
	stmt : FOR LPAREN . expr_opt SEMI expr SEMI expr_opt RPAREN stmt  (44)
	expr_opt : .  (46)

	LPAREN  shift 18
	LBRACKET  shift 5
	MINUS  shift 20
	NOT  shift 21
	LITERAL  shift 22
	BLIT  shift 23
	ID  shift 24
	FLIT  shift 25
	CHAR  shift 26
	STRING  shift 27
	RUN  shift 28
	PATH  shift 29
	LEN  shift 30
	SEMI  reduce 46

	list  goto 31
	exec  goto 32
	simple_exec  goto 33
	path  goto 34
	expr  goto 127
	index  goto 37
	list_cons  goto 38
	list_length  goto 39
	expr_opt  goto 133


state 127
	list_cons : expr . CONS ID  (27)
	expr_opt : expr .  (47)
	expr : expr . PLUS expr  (54)
	expr : expr . MINUS expr  (55)
	expr : expr . TIMES expr  (56)
	expr : expr . DIVIDE expr  (57)
	expr : expr . EQ expr  (58)
	expr : expr . NEQ expr  (59)
	expr : expr . LT expr  (60)
	expr : expr . LEQ expr  (61)
	expr : expr . GT expr  (62)
	expr : expr . GEQ expr  (63)
	expr : expr . AND expr  (64)
	expr : expr . OR expr  (65)
	expr : expr . PIPE expr  (66)
	expr : expr . EXITCODE  (72)

	PLUS  shift 54
	MINUS  shift 55
	TIMES  shift 56
	DIVIDE  shift 57
	AND  shift 58
	OR  shift 59
	GT  shift 60
	LT  shift 61
	EQ  shift 62
	GEQ  shift 63
	LEQ  shift 64
	NEQ  shift 65
	PIPE  shift 66
	EXITCODE  shift 67
	CONS  shift 68
	SEMI  reduce 47
	RPAREN  reduce 47


state 128
	stmt : RETURN expr_opt . SEMI  (40)

	SEMI  shift 134
	.  error


state 129
	stmt : expr SEMI .  (39)

	.  reduce 39


state 130
	stmt : LBRACE stmt_list RBRACE .  (41)

	.  reduce 41


state 131
	list_cons : expr . CONS ID  (27)
	stmt : IF LPAREN expr . RPAREN stmt  (42)
	stmt : IF LPAREN expr . RPAREN stmt ELSE stmt  (43)
	expr : expr . PLUS expr  (54)
	expr : expr . MINUS expr  (55)
	expr : expr . TIMES expr  (56)
	expr : expr . DIVIDE expr  (57)
	expr : expr . EQ expr  (58)
	expr : expr . NEQ expr  (59)
	expr : expr . LT expr  (60)
	expr : expr . LEQ expr  (61)
	expr : expr . GT expr  (62)
	expr : expr . GEQ expr  (63)
	expr : expr . AND expr  (64)
	expr : expr . OR expr  (65)
	expr : expr . PIPE expr  (66)
	expr : expr . EXITCODE  (72)

	RPAREN  shift 135
	PLUS  shift 54
	MINUS  shift 55
	TIMES  shift 56
	DIVIDE  shift 57
	AND  shift 58
	OR  shift 59
	GT  shift 60
	LT  shift 61
	EQ  shift 62
	GEQ  shift 63
	LEQ  shift 64
	NEQ  shift 65
	PIPE  shift 66
	EXITCODE  shift 67
	CONS  shift 68
	.  error


state 132
	list_cons : expr . CONS ID  (27)
	stmt : WHILE LPAREN expr . RPAREN stmt  (45)
	expr : expr . PLUS expr  (54)
	expr : expr . MINUS expr  (55)
	expr : expr . TIMES expr  (56)
	expr : expr . DIVIDE expr  (57)
	expr : expr . EQ expr  (58)
	expr : expr . NEQ expr  (59)
	expr : expr . LT expr  (60)
	expr : expr . LEQ expr  (61)
	expr : expr . GT expr  (62)
	expr : expr . GEQ expr  (63)
	expr : expr . AND expr  (64)
	expr : expr . OR expr  (65)
	expr : expr . PIPE expr  (66)
	expr : expr . EXITCODE  (72)

	RPAREN  shift 136
	PLUS  shift 54
	MINUS  shift 55
	TIMES  shift 56
	DIVIDE  shift 57
	AND  shift 58
	OR  shift 59
	GT  shift 60
	LT  shift 61
	EQ  shift 62
	GEQ  shift 63
	LEQ  shift 64
	NEQ  shift 65
	PIPE  shift 66
	EXITCODE  shift 67
	CONS  shift 68
	.  error


state 133
	stmt : FOR LPAREN expr_opt . SEMI expr SEMI expr_opt RPAREN stmt  (44)

	SEMI  shift 137
	.  error


state 134
	stmt : RETURN expr_opt SEMI .  (40)

	.  reduce 40


state 135
	stmt : IF LPAREN expr RPAREN . stmt  (42)
	stmt : IF LPAREN expr RPAREN . stmt ELSE stmt  (43)

	LPAREN  shift 18
	LBRACE  shift 115
	LBRACKET  shift 5
	MINUS  shift 20
	NOT  shift 21
	IF  shift 117
	WHILE  shift 118
	FOR  shift 119
	RETURN  shift 120
	LITERAL  shift 22
	BLIT  shift 23
	ID  shift 24
	FLIT  shift 25
	CHAR  shift 26
	STRING  shift 27
	RUN  shift 28
	PATH  shift 29
	LEN  shift 30
	.  error

	list  goto 31
	exec  goto 32
	simple_exec  goto 33
	path  goto 34
	expr  goto 121
	index  goto 37
	list_cons  goto 38
	list_length  goto 39
	stmt  goto 138


state 136
	stmt : WHILE LPAREN expr RPAREN . stmt  (45)

	LPAREN  shift 18
	LBRACE  shift 115
	LBRACKET  shift 5
	MINUS  shift 20
	NOT  shift 21
	IF  shift 117
	WHILE  shift 118
	FOR  shift 119
	RETURN  shift 120
	LITERAL  shift 22
	BLIT  shift 23
	ID  shift 24
	FLIT  shift 25
	CHAR  shift 26
	STRING  shift 27
	RUN  shift 28
	PATH  shift 29
	LEN  shift 30
	.  error

	list  goto 31
	exec  goto 32
	simple_exec  goto 33
	path  goto 34
	expr  goto 121
	index  goto 37
	list_cons  goto 38
	list_length  goto 39
	stmt  goto 139


state 137
	stmt : FOR LPAREN expr_opt SEMI . expr SEMI expr_opt RPAREN stmt  (44)

	LPAREN  shift 18
	LBRACKET  shift 5
	MINUS  shift 20
	NOT  shift 21
	LITERAL  shift 22
	BLIT  shift 23
	ID  shift 24
	FLIT  shift 25
	CHAR  shift 26
	STRING  shift 27
	RUN  shift 28
	PATH  shift 29
	LEN  shift 30
	.  error

	list  goto 31
	exec  goto 32
	simple_exec  goto 33
	path  goto 34
	expr  goto 140
	index  goto 37
	list_cons  goto 38
	list_length  goto 39


state 138
	stmt : IF LPAREN expr RPAREN stmt .  (42)
	stmt : IF LPAREN expr RPAREN stmt . ELSE stmt  (43)

	ELSE  shift 141
	LPAREN  reduce 42
	LBRACE  reduce 42
	RBRACE  reduce 42
	LBRACKET  reduce 42
	MINUS  reduce 42
	NOT  reduce 42
	IF  reduce 42
	WHILE  reduce 42
	FOR  reduce 42
	RETURN  reduce 42
	LITERAL  reduce 42
	BLIT  reduce 42
	ID  reduce 42
	FLIT  reduce 42
	CHAR  reduce 42
	STRING  reduce 42
	RUN  reduce 42
	PATH  reduce 42
	LEN  reduce 42


state 139
	stmt : WHILE LPAREN expr RPAREN stmt .  (45)

	.  reduce 45


state 140
	list_cons : expr . CONS ID  (27)
	stmt : FOR LPAREN expr_opt SEMI expr . SEMI expr_opt RPAREN stmt  (44)
	expr : expr . PLUS expr  (54)
	expr : expr . MINUS expr  (55)
	expr : expr . TIMES expr  (56)
	expr : expr . DIVIDE expr  (57)
	expr : expr . EQ expr  (58)
	expr : expr . NEQ expr  (59)
	expr : expr . LT expr  (60)
	expr : expr . LEQ expr  (61)
	expr : expr . GT expr  (62)
	expr : expr . GEQ expr  (63)
	expr : expr . AND expr  (64)
	expr : expr . OR expr  (65)
	expr : expr . PIPE expr  (66)
	expr : expr . EXITCODE  (72)

	SEMI  shift 142
	PLUS  shift 54
	MINUS  shift 55
	TIMES  shift 56
	DIVIDE  shift 57
	AND  shift 58
	OR  shift 59
	GT  shift 60
	LT  shift 61
	EQ  shift 62
	GEQ  shift 63
	LEQ  shift 64
	NEQ  shift 65
	PIPE  shift 66
	EXITCODE  shift 67
	CONS  shift 68
	.  error


state 141
	stmt : IF LPAREN expr RPAREN stmt ELSE . stmt  (43)

	LPAREN  shift 18
	LBRACE  shift 115
	LBRACKET  shift 5
	MINUS  shift 20
	NOT  shift 21
	IF  shift 117
	WHILE  shift 118
	FOR  shift 119
	RETURN  shift 120
	LITERAL  shift 22
	BLIT  shift 23
	ID  shift 24
	FLIT  shift 25
	CHAR  shift 26
	STRING  shift 27
	RUN  shift 28
	PATH  shift 29
	LEN  shift 30
	.  error

	list  goto 31
	exec  goto 32
	simple_exec  goto 33
	path  goto 34
	expr  goto 121
	index  goto 37
	list_cons  goto 38
	list_length  goto 39
	stmt  goto 143


state 142
	stmt : FOR LPAREN expr_opt SEMI expr SEMI . expr_opt RPAREN stmt  (44)
	expr_opt : .  (46)

	LPAREN  shift 18
	LBRACKET  shift 5
	MINUS  shift 20
	NOT  shift 21
	LITERAL  shift 22
	BLIT  shift 23
	ID  shift 24
	FLIT  shift 25
	CHAR  shift 26
	STRING  shift 27
	RUN  shift 28
	PATH  shift 29
	LEN  shift 30
	RPAREN  reduce 46

	list  goto 31
	exec  goto 32
	simple_exec  goto 33
	path  goto 34
	expr  goto 127
	index  goto 37
	list_cons  goto 38
	list_length  goto 39
	expr_opt  goto 144


state 143
	stmt : IF LPAREN expr RPAREN stmt ELSE stmt .  (43)

	.  reduce 43


state 144
	stmt : FOR LPAREN expr_opt SEMI expr SEMI expr_opt . RPAREN stmt  (44)

	RPAREN  shift 145
	.  error


state 145
	stmt : FOR LPAREN expr_opt SEMI expr SEMI expr_opt RPAREN . stmt  (44)

	LPAREN  shift 18
	LBRACE  shift 115
	LBRACKET  shift 5
	MINUS  shift 20
	NOT  shift 21
	IF  shift 117
	WHILE  shift 118
	FOR  shift 119
	RETURN  shift 120
	LITERAL  shift 22
	BLIT  shift 23
	ID  shift 24
	FLIT  shift 25
	CHAR  shift 26
	STRING  shift 27
	RUN  shift 28
	PATH  shift 29
	LEN  shift 30
	.  error

	list  goto 31
	exec  goto 32
	simple_exec  goto 33
	path  goto 34
	expr  goto 121
	index  goto 37
	list_cons  goto 38
	list_length  goto 39
	stmt  goto 146


state 146
	stmt : FOR LPAREN expr_opt SEMI expr SEMI expr_opt RPAREN stmt .  (44)

	.  reduce 44


55 terminals, 26 nonterminals
85 grammar rules, 147 states
